<?xml version="1.0" encoding="UTF-8"?>
<!-- Generated by org.testng.reporters.JUnitReportReporter -->
<testsuite hostname="DESKTOP-S4R77UG" failures="0" tests="3" name="tests.RegistrationTest" time="66.568" errors="0" timestamp="2025-01-06T11:57:26 IST" skipped="0">
  <testcase classname="tests.RegistrationTest" name="Test" time="6.848"/>
  <system-out/>
  <testcase classname="tests.RegistrationTest" name="Test" time="17.388"/>
  <system-out/>
  <testcase classname="tests.RegistrationTest" name="Test" time="42.332"/>
  <system-out/>
</testsuite> <!-- tests.RegistrationTest -->
