<?xml version="1.0" encoding="UTF-8"?>
<!-- Generated by org.testng.reporters.JUnitReportReporter -->
<testsuite hostname="DESKTOP-S4R77UG" failures="0" tests="1" name="tests.LoginTest" time="2.645" errors="0" timestamp="2025-01-06T12:54:14 IST" skipped="0">
  <testcase classname="tests.LoginTest" name="Test" time="2.645"/>
  <system-out/>
</testsuite> <!-- tests.LoginTest -->
